# JRE version: OpenJDK Runtime Environment Temurin-21.0.10+7 (21.0.10+7) (build 21.0.10+7-LTS)
# Java VM: OpenJDK 64-Bit Server VM Temurin-21.0.10+7 (21.0.10+7-LTS, mixed mode, sharing, tiered, compressed oops, compressed class ptrs, parallel gc, windows-amd64)
GC Precious Log:
 CardTable entry size: 512
 CPUs: 12 total, 12 available
 Memory: 16163M
 Large Page Support: Disabled
 NUMA Support: Disabled
 Compressed Oops: Enabled (32-bit)
 Alignments: Space 512K, Generation 512K, Heap 2M
 Heap Min Capacity: 100M
 Heap Initial Capacity: 100M
 Heap Max Capacity: 2G
 Pre-touch: Disabled
 Parallel Workers: 10
Heap:
 PSYoungGen      total 3072K, used 512K [0x00000000d5580000, 0x00000000d5980000, 0x0000000100000000)
  eden space 2560K, 0% used [0x00000000d5580000,0x00000000d5580000,0x00000000d5800000)
  from space 512K, 100% used [0x00000000d5880000,0x00000000d5900000,0x00000000d5900000)
  to   space 512K, 0% used [0x00000000d5900000,0x00000000d5900000,0x00000000d5980000)
 ParOldGen       total 825856K, used 825524K [0x0000000080000000, 0x00000000b2680000, 0x00000000d5580000)
  object space 825856K, 99% used [0x0000000080000000,0x00000000b262d2e8,0x00000000b2680000)
 Metaspace       used 80220K, committed 81856K, reserved 1179648K
  class space    used 7942K, committed 8704K, reserved 1048576K
GC Heap History (20 events):
Event: 38.580 GC heap after
{Heap after GC invocations=1753 (full 4):
 PSYoungGen      total 3584K, used 512K [0x00000000d5580000, 0x00000000d5b80000, 0x0000000100000000)
  eden space 3072K, 0% used [0x00000000d5580000,0x00000000d5580000,0x00000000d5880000)
  from space 512K, 100% used [0x00000000d5880000,0x00000000d5900000,0x00000000d5900000)
  to   space 1536K, 0% used [0x00000000d5a00000,0x00000000d5a00000,0x00000000d5b80000)
 ParOldGen       total 821760K, used 821387K [0x0000000080000000, 0x00000000b2280000, 0x00000000d5580000)
  object space 821760K, 99% used [0x0000000080000000,0x00000000b2222ed8,0x00000000b2280000)
 Metaspace       used 80184K, committed 81856K, reserved 1179648K
  class space    used 7939K, committed 8704K, reserved 1048576K
}
Event: 38.601 GC heap before
{Heap before GC invocations=1754 (full 4):
 PSYoungGen      total 3584K, used 3584K [0x00000000d5580000, 0x00000000d5b80000, 0x0000000100000000)
  eden space 3072K, 100% used [0x00000000d5580000,0x00000000d5880000,0x00000000d5880000)
  from space 512K, 100% used [0x00000000d5880000,0x00000000d5900000,0x00000000d5900000)
  to   space 1536K, 0% used [0x00000000d5a00000,0x00000000d5a00000,0x00000000d5b80000)
 ParOldGen       total 821760K, used 821387K [0x0000000080000000, 0x00000000b2280000, 0x00000000d5580000)
  object space 821760K, 99% used [0x0000000080000000,0x00000000b2222ed8,0x00000000b2280000)
 Metaspace       used 80193K, committed 81856K, reserved 1179648K
  class space    used 7939K, committed 8704K, reserved 1048576K
}
Event: 38.603 GC heap after
{Heap after GC invocations=1754 (full 4):
 PSYoungGen      total 3584K, used 480K [0x00000000d5580000, 0x00000000d5a80000, 0x0000000100000000)
  eden space 3072K, 0% used [0x00000000d5580000,0x00000000d5580000,0x00000000d5880000)
  from space 512K, 93% used [0x00000000d5a00000,0x00000000d5a78000,0x00000000d5a80000)
  to   space 1024K, 0% used [0x00000000d5880000,0x00000000d5880000,0x00000000d5980000)
 ParOldGen       total 822272K, used 821817K [0x0000000080000000, 0x00000000b2300000, 0x00000000d5580000)
  object space 822272K, 99% used [0x0000000080000000,0x00000000b228e7c8,0x00000000b2300000)
 Metaspace       used 80193K, committed 81856K, reserved 1179648K
  class space    used 7939K, committed 8704K, reserved 1048576K
}
Event: 38.612 GC heap before
{Heap before GC invocations=1755 (full 4):
 PSYoungGen      total 3584K, used 3552K [0x00000000d5580000, 0x00000000d5a80000, 0x0000000100000000)
  eden space 3072K, 100% used [0x00000000d5580000,0x00000000d5880000,0x00000000d5880000)
  from space 512K, 93% used [0x00000000d5a00000,0x00000000d5a78000,0x00000000d5a80000)
  to   space 1024K, 0% used [0x00000000d5880000,0x00000000d5880000,0x00000000d5980000)
 ParOldGen       total 822272K, used 821817K [0x0000000080000000, 0x00000000b2300000, 0x00000000d5580000)
  object space 822272K, 99% used [0x0000000080000000,0x00000000b228e7c8,0x00000000b2300000)
 Metaspace       used 80195K, committed 81856K, reserved 1179648K
  class space    used 7939K, committed 8704K, reserved 1048576K
}
Event: 38.613 GC heap after
{Heap after GC invocations=1755 (full 4):
 PSYoungGen      total 4096K, used 480K [0x00000000d5580000, 0x00000000d5a80000, 0x0000000100000000)
  eden space 3072K, 0% used [0x00000000d5580000,0x00000000d5580000,0x00000000d5880000)
  from space 1024K, 46% used [0x00000000d5880000,0x00000000d58f8000,0x00000000d5980000)
  to   space 1024K, 0% used [0x00000000d5980000,0x00000000d5980000,0x00000000d5a80000)
 ParOldGen       total 822272K, used 822143K [0x0000000080000000, 0x00000000b2300000, 0x00000000d5580000)
  object space 822272K, 99% used [0x0000000080000000,0x00000000b22dfce8,0x00000000b2300000)
 Metaspace       used 80195K, committed 81856K, reserved 1179648K
  class space    used 7939K, committed 8704K, reserved 1048576K
}
Event: 38.620 GC heap before
{Heap before GC invocations=1756 (full 4):
 PSYoungGen      total 4096K, used 3545K [0x00000000d5580000, 0x00000000d5a80000, 0x0000000100000000)
  eden space 3072K, 99% used [0x00000000d5580000,0x00000000d587e7d0,0x00000000d5880000)
  from space 1024K, 46% used [0x00000000d5880000,0x00000000d58f8000,0x00000000d5980000)
  to   space 1024K, 0% used [0x00000000d5980000,0x00000000d5980000,0x00000000d5a80000)
 ParOldGen       total 822272K, used 822143K [0x0000000080000000, 0x00000000b2300000, 0x00000000d5580000)
  object space 822272K, 99% used [0x0000000080000000,0x00000000b22dfce8,0x00000000b2300000)
 Metaspace       used 80195K, committed 81856K, reserved 1179648K
  class space    used 7939K, committed 8704K, reserved 1048576K
}
Event: 38.622 GC heap after
{Heap after GC invocations=1756 (full 4):
 PSYoungGen      total 4096K, used 576K [0x00000000d5580000, 0x00000000d5a80000, 0x0000000100000000)
  eden space 3072K, 0% used [0x00000000d5580000,0x00000000d5580000,0x00000000d5880000)
  from space 1024K, 56% used [0x00000000d5980000,0x00000000d5a10020,0x00000000d5a80000)
  to   space 1024K, 0% used [0x00000000d5880000,0x00000000d5880000,0x00000000d5980000)
 ParOldGen       total 822784K, used 822409K [0x0000000080000000, 0x00000000b2380000, 0x00000000d5580000)
  object space 822784K, 99% used [0x0000000080000000,0x00000000b23225d0,0x00000000b2380000)
 Metaspace       used 80195K, committed 81856K, reserved 1179648K
  class space    used 7939K, committed 8704K, reserved 1048576K
}
Event: 38.645 GC heap before
{Heap before GC invocations=1757 (full 4):
 PSYoungGen      total 4096K, used 3648K [0x00000000d5580000, 0x00000000d5a80000, 0x0000000100000000)
  eden space 3072K, 100% used [0x00000000d5580000,0x00000000d5880000,0x00000000d5880000)
  from space 1024K, 56% used [0x00000000d5980000,0x00000000d5a10020,0x00000000d5a80000)
  to   space 1024K, 0% used [0x00000000d5880000,0x00000000d5880000,0x00000000d5980000)
 ParOldGen       total 822784K, used 822409K [0x0000000080000000, 0x00000000b2380000, 0x00000000d5580000)
  object space 822784K, 99% used [0x0000000080000000,0x00000000b23225d0,0x00000000b2380000)
 Metaspace       used 80195K, committed 81856K, reserved 1179648K
  class space    used 7939K, committed 8704K, reserved 1048576K
}
Event: 38.647 GC heap after
{Heap after GC invocations=1757 (full 4):
 PSYoungGen      total 4096K, used 347K [0x00000000d5580000, 0x00000000d5a00000, 0x0000000100000000)
  eden space 3072K, 0% used [0x00000000d5580000,0x00000000d5580000,0x00000000d5880000)
  from space 1024K, 33% used [0x00000000d5880000,0x00000000d58d6c08,0x00000000d5980000)
  to   space 512K, 0% used [0x00000000d5980000,0x00000000d5980000,0x00000000d5a00000)
 ParOldGen       total 823296K, used 822785K [0x0000000080000000, 0x00000000b2400000, 0x00000000d5580000)
  object space 823296K, 99% used [0x0000000080000000,0x00000000b23805d0,0x00000000b2400000)
 Metaspace       used 80195K, committed 81856K, reserved 1179648K
  class space    used 7939K, committed 8704K, reserved 1048576K
}
Event: 38.662 GC heap before
{Heap before GC invocations=1758 (full 4):
 PSYoungGen      total 4096K, used 3414K [0x00000000d5580000, 0x00000000d5a00000, 0x0000000100000000)
  eden space 3072K, 99% used [0x00000000d5580000,0x00000000d587ed60,0x00000000d5880000)
  from space 1024K, 33% used [0x00000000d5880000,0x00000000d58d6c08,0x00000000d5980000)
  to   space 512K, 0% used [0x00000000d5980000,0x00000000d5980000,0x00000000d5a00000)
 ParOldGen       total 823296K, used 822785K [0x0000000080000000, 0x00000000b2400000, 0x00000000d5580000)
  object space 823296K, 99% used [0x0000000080000000,0x00000000b23805d0,0x00000000b2400000)
 Metaspace       used 80202K, committed 81856K, reserved 1179648K
  class space    used 7939K, committed 8704K, reserved 1048576K
}
Event: 38.663 GC heap after
{Heap after GC invocations=1758 (full 4):
 PSYoungGen      total 3072K, used 503K [0x00000000d5580000, 0x00000000d5b80000, 0x0000000100000000)
  eden space 2560K, 0% used [0x00000000d5580000,0x00000000d5580000,0x00000000d5800000)
  from space 512K, 98% used [0x00000000d5980000,0x00000000d59fdf00,0x00000000d5a00000)
  to   space 1536K, 0% used [0x00000000d5800000,0x00000000d5800000,0x00000000d5980000)
 ParOldGen       total 823296K, used 823268K [0x0000000080000000, 0x00000000b2400000, 0x00000000d5580000)
  object space 823296K, 99% used [0x0000000080000000,0x00000000b23f91d8,0x00000000b2400000)
 Metaspace       used 80202K, committed 81856K, reserved 1179648K
  class space    used 7939K, committed 8704K, reserved 1048576K
}
Event: 38.670 GC heap before
{Heap before GC invocations=1759 (full 4):
 PSYoungGen      total 3072K, used 3063K [0x00000000d5580000, 0x00000000d5b80000, 0x0000000100000000)
  eden space 2560K, 100% used [0x00000000d5580000,0x00000000d5800000,0x00000000d5800000)
  from space 512K, 98% used [0x00000000d5980000,0x00000000d59fdf00,0x00000000d5a00000)
  to   space 1536K, 0% used [0x00000000d5800000,0x00000000d5800000,0x00000000d5980000)
 ParOldGen       total 823296K, used 823268K [0x0000000080000000, 0x00000000b2400000, 0x00000000d5580000)
  object space 823296K, 99% used [0x0000000080000000,0x00000000b23f91d8,0x00000000b2400000)
 Metaspace       used 80212K, committed 81856K, reserved 1179648K
  class space    used 7941K, committed 8704K, reserved 1048576K
}
Event: 38.672 GC heap after
{Heap after GC invocations=1759 (full 4):
 PSYoungGen      total 3584K, used 800K [0x00000000d5580000, 0x00000000d5a00000, 0x0000000100000000)
  eden space 2560K, 0% used [0x00000000d5580000,0x00000000d5580000,0x00000000d5800000)
  from space 1024K, 78% used [0x00000000d5800000,0x00000000d58c8000,0x00000000d5900000)
  to   space 1024K, 0% used [0x00000000d5900000,0x00000000d5900000,0x00000000d5a00000)
 ParOldGen       total 823808K, used 823748K [0x0000000080000000, 0x00000000b2480000, 0x00000000d5580000)
  object space 823808K, 99% used [0x0000000080000000,0x00000000b24710b8,0x00000000b2480000)
 Metaspace       used 80212K, committed 81856K, reserved 1179648K
  class space    used 7941K, committed 8704K, reserved 1048576K
}
Event: 38.680 GC heap before
{Heap before GC invocations=1760 (full 4):
 PSYoungGen      total 3584K, used 3360K [0x00000000d5580000, 0x00000000d5a00000, 0x0000000100000000)
  eden space 2560K, 100% used [0x00000000d5580000,0x00000000d5800000,0x00000000d5800000)
  from space 1024K, 78% used [0x00000000d5800000,0x00000000d58c8000,0x00000000d5900000)
  to   space 1024K, 0% used [0x00000000d5900000,0x00000000d5900000,0x00000000d5a00000)
 ParOldGen       total 823808K, used 823748K [0x0000000080000000, 0x00000000b2480000, 0x00000000d5580000)
  object space 823808K, 99% used [0x0000000080000000,0x00000000b24710b8,0x00000000b2480000)
 Metaspace       used 80220K, committed 81856K, reserved 1179648K
  class space    used 7942K, committed 8704K, reserved 1048576K
}
Event: 38.681 GC heap after
{Heap after GC invocations=1760 (full 4):
 PSYoungGen      total 3584K, used 544K [0x00000000d5580000, 0x00000000d5a00000, 0x0000000100000000)
  eden space 2560K, 0% used [0x00000000d5580000,0x00000000d5580000,0x00000000d5800000)
  from space 1024K, 53% used [0x00000000d5900000,0x00000000d5988000,0x00000000d5a00000)
  to   space 1024K, 0% used [0x00000000d5800000,0x00000000d5800000,0x00000000d5900000)
 ParOldGen       total 824832K, used 824472K [0x0000000080000000, 0x00000000b2580000, 0x00000000d5580000)
  object space 824832K, 99% used [0x0000000080000000,0x00000000b25260c8,0x00000000b2580000)
 Metaspace       used 80220K, committed 81856K, reserved 1179648K
  class space    used 7942K, committed 8704K, reserved 1048576K
}
Event: 38.688 GC heap before
{Heap before GC invocations=1761 (full 4):
 PSYoungGen      total 3584K, used 3104K [0x00000000d5580000, 0x00000000d5a00000, 0x0000000100000000)
  eden space 2560K, 100% used [0x00000000d5580000,0x00000000d5800000,0x00000000d5800000)
  from space 1024K, 53% used [0x00000000d5900000,0x00000000d5988000,0x00000000d5a00000)
  to   space 1024K, 0% used [0x00000000d5800000,0x00000000d5800000,0x00000000d5900000)
 ParOldGen       total 824832K, used 824472K [0x0000000080000000, 0x00000000b2580000, 0x00000000d5580000)
  object space 824832K, 99% used [0x0000000080000000,0x00000000b25260c8,0x00000000b2580000)
 Metaspace       used 80220K, committed 81856K, reserved 1179648K
  class space    used 7942K, committed 8704K, reserved 1048576K
}
Event: 38.690 GC heap after
{Heap after GC invocations=1761 (full 4):
 PSYoungGen      total 3584K, used 544K [0x00000000d5580000, 0x00000000d5a00000, 0x0000000100000000)
  eden space 2560K, 0% used [0x00000000d5580000,0x00000000d5580000,0x00000000d5800000)
  from space 1024K, 53% used [0x00000000d5800000,0x00000000d5888000,0x00000000d5900000)
  to   space 1024K, 0% used [0x00000000d5900000,0x00000000d5900000,0x00000000d5a00000)
 ParOldGen       total 824832K, used 824817K [0x0000000080000000, 0x00000000b2580000, 0x00000000d5580000)
  object space 824832K, 99% used [0x0000000080000000,0x00000000b257c6e0,0x00000000b2580000)
 Metaspace       used 80220K, committed 81856K, reserved 1179648K
  class space    used 7942K, committed 8704K, reserved 1048576K
}
Event: 38.695 GC heap before
{Heap before GC invocations=1762 (full 4):
 PSYoungGen      total 3584K, used 3104K [0x00000000d5580000, 0x00000000d5a00000, 0x0000000100000000)
  eden space 2560K, 100% used [0x00000000d5580000,0x00000000d5800000,0x00000000d5800000)
  from space 1024K, 53% used [0x00000000d5800000,0x00000000d5888000,0x00000000d5900000)
  to   space 1024K, 0% used [0x00000000d5900000,0x00000000d5900000,0x00000000d5a00000)
 ParOldGen       total 824832K, used 824817K [0x0000000080000000, 0x00000000b2580000, 0x00000000d5580000)
  object space 824832K, 99% used [0x0000000080000000,0x00000000b257c6e0,0x00000000b2580000)
 Metaspace       used 80220K, committed 81856K, reserved 1179648K
  class space    used 7942K, committed 8704K, reserved 1048576K
}
Event: 38.697 GC heap after
{Heap after GC invocations=1762 (full 4):
 PSYoungGen      total 3072K, used 443K [0x00000000d5580000, 0x00000000d5980000, 0x0000000100000000)
  eden space 2560K, 0% used [0x00000000d5580000,0x00000000d5580000,0x00000000d5800000)
  from space 512K, 86% used [0x00000000d5900000,0x00000000d596ec08,0x00000000d5980000)
  to   space 512K, 0% used [0x00000000d5880000,0x00000000d5880000,0x00000000d5900000)
 ParOldGen       total 825344K, used 825209K [0x0000000080000000, 0x00000000b2600000, 0x00000000d5580000)
  object space 825344K, 99% used [0x0000000080000000,0x00000000b25de6e0,0x00000000b2600000)
 Metaspace       used 80220K, committed 81856K, reserved 1179648K
  class space    used 7942K, committed 8704K, reserved 1048576K
}
Event: 38.700 GC heap before
{Heap before GC invocations=1763 (full 4):
 PSYoungGen      total 3072K, used 3003K [0x00000000d5580000, 0x00000000d5980000, 0x0000000100000000)
  eden space 2560K, 100% used [0x00000000d5580000,0x00000000d5800000,0x00000000d5800000)
  from space 512K, 86% used [0x00000000d5900000,0x00000000d596ec08,0x00000000d5980000)
  to   space 512K, 0% used [0x00000000d5880000,0x00000000d5880000,0x00000000d5900000)
 ParOldGen       total 825344K, used 825209K [0x0000000080000000, 0x00000000b2600000, 0x00000000d5580000)
  object space 825344K, 99% used [0x0000000080000000,0x00000000b25de6e0,0x00000000b2600000)
 Metaspace       used 80220K, committed 81856K, reserved 1179648K
  class space    used 7942K, committed 8704K, reserved 1048576K
}

