# JRE version: OpenJDK Runtime Environment Temurin-21.0.10+7 (21.0.10+7) (build 21.0.10+7-LTS)
# Java VM: OpenJDK 64-Bit Server VM Temurin-21.0.10+7 (21.0.10+7-LTS, mixed mode, sharing, tiered, compressed oops, compressed class ptrs, parallel gc, windows-amd64)
GC Precious Log:
 CardTable entry size: 512
 CPUs: 12 total, 12 available
 Memory: 16163M
 Large Page Support: Disabled
 NUMA Support: Disabled
 Compressed Oops: Enabled (32-bit)
 Alignments: Space 512K, Generation 512K, Heap 2M
 Heap Min Capacity: 100M
 Heap Initial Capacity: 100M
 Heap Max Capacity: 2G
 Pre-touch: Disabled
 Parallel Workers: 10
Heap:
 PSYoungGen      total 7680K, used 7546K [0x00000000d5580000, 0x00000000d5e00000, 0x0000000100000000)
  eden space 7168K, 100% used [0x00000000d5580000,0x00000000d5c80000,0x00000000d5c80000)
  from space 512K, 73% used [0x00000000d5d80000,0x00000000d5dde900,0x00000000d5e00000)
  to   space 512K, 0% used [0x00000000d5d00000,0x00000000d5d00000,0x00000000d5d80000)
 ParOldGen       total 180224K, used 179903K [0x0000000080000000, 0x000000008b000000, 0x00000000d5580000)
  object space 180224K, 99% used [0x0000000080000000,0x000000008afafd10,0x000000008b000000)
 Metaspace       used 68941K, committed 70464K, reserved 1114112K
  class space    used 7115K, committed 7808K, reserved 1048576K
GC Heap History (20 events):
Event: 34.179 GC heap before
{Heap before GC invocations=358 (full 3):
 PSYoungGen      total 8192K, used 7968K [0x00000000d5580000, 0x00000000d5f00000, 0x0000000100000000)
  eden space 7168K, 100% used [0x00000000d5580000,0x00000000d5c80000,0x00000000d5c80000)
  from space 1024K, 78% used [0x00000000d5e00000,0x00000000d5ec8020,0x00000000d5f00000)
  to   space 1024K, 0% used [0x00000000d5d00000,0x00000000d5d00000,0x00000000d5e00000)
 ParOldGen       total 174592K, used 174340K [0x0000000080000000, 0x000000008aa80000, 0x00000000d5580000)
  object space 174592K, 99% used [0x0000000080000000,0x000000008aa41088,0x000000008aa80000)
 Metaspace       used 68730K, committed 70272K, reserved 1114112K
  class space    used 7104K, committed 7808K, reserved 1048576K
}
Event: 34.180 GC heap after
{Heap after GC invocations=358 (full 3):
 PSYoungGen      total 8192K, used 1002K [0x00000000d5580000, 0x00000000d6080000, 0x0000000100000000)
  eden space 7168K, 0% used [0x00000000d5580000,0x00000000d5580000,0x00000000d5c80000)
  from space 1024K, 97% used [0x00000000d5d00000,0x00000000d5dfa910,0x00000000d5e00000)
  to   space 2048K, 0% used [0x00000000d5e80000,0x00000000d5e80000,0x00000000d6080000)
 ParOldGen       total 175104K, used 174982K [0x0000000080000000, 0x000000008ab00000, 0x00000000d5580000)
  object space 175104K, 99% used [0x0000000080000000,0x000000008aae1ad8,0x000000008ab00000)
 Metaspace       used 68730K, committed 70272K, reserved 1114112K
  class space    used 7104K, committed 7808K, reserved 1048576K
}
Event: 34.224 GC heap before
{Heap before GC invocations=359 (full 3):
 PSYoungGen      total 8192K, used 8170K [0x00000000d5580000, 0x00000000d6080000, 0x0000000100000000)
  eden space 7168K, 100% used [0x00000000d5580000,0x00000000d5c80000,0x00000000d5c80000)
  from space 1024K, 97% used [0x00000000d5d00000,0x00000000d5dfa910,0x00000000d5e00000)
  to   space 2048K, 0% used [0x00000000d5e80000,0x00000000d5e80000,0x00000000d6080000)
 ParOldGen       total 175104K, used 174982K [0x0000000080000000, 0x000000008ab00000, 0x00000000d5580000)
  object space 175104K, 99% used [0x0000000080000000,0x000000008aae1ad8,0x000000008ab00000)
 Metaspace       used 68764K, committed 70336K, reserved 1114112K
  class space    used 7106K, committed 7808K, reserved 1048576K
}
Event: 34.226 GC heap after
{Heap after GC invocations=359 (full 3):
 PSYoungGen      total 9216K, used 1610K [0x00000000d5580000, 0x00000000d6080000, 0x0000000100000000)
  eden space 7168K, 0% used [0x00000000d5580000,0x00000000d5580000,0x00000000d5c80000)
  from space 2048K, 78% used [0x00000000d5e80000,0x00000000d6012910,0x00000000d6080000)
  to   space 2048K, 0% used [0x00000000d5c80000,0x00000000d5c80000,0x00000000d5e80000)
 ParOldGen       total 176128K, used 175927K [0x0000000080000000, 0x000000008ac00000, 0x00000000d5580000)
  object space 176128K, 99% used [0x0000000080000000,0x000000008abcdf18,0x000000008ac00000)
 Metaspace       used 68764K, committed 70336K, reserved 1114112K
  class space    used 7106K, committed 7808K, reserved 1048576K
}
Event: 34.297 GC heap before
{Heap before GC invocations=360 (full 3):
 PSYoungGen      total 9216K, used 8778K [0x00000000d5580000, 0x00000000d6080000, 0x0000000100000000)
  eden space 7168K, 100% used [0x00000000d5580000,0x00000000d5c80000,0x00000000d5c80000)
  from space 2048K, 78% used [0x00000000d5e80000,0x00000000d6012910,0x00000000d6080000)
  to   space 2048K, 0% used [0x00000000d5c80000,0x00000000d5c80000,0x00000000d5e80000)
 ParOldGen       total 176128K, used 175927K [0x0000000080000000, 0x000000008ac00000, 0x00000000d5580000)
  object space 176128K, 99% used [0x0000000080000000,0x000000008abcdf18,0x000000008ac00000)
 Metaspace       used 68796K, committed 70336K, reserved 1114112K
  class space    used 7107K, committed 7808K, reserved 1048576K
}
Event: 34.299 GC heap after
{Heap after GC invocations=360 (full 3):
 PSYoungGen      total 8704K, used 1227K [0x00000000d5580000, 0x00000000d5f80000, 0x0000000100000000)
  eden space 7168K, 0% used [0x00000000d5580000,0x00000000d5580000,0x00000000d5c80000)
  from space 1536K, 79% used [0x00000000d5c80000,0x00000000d5db2cb8,0x00000000d5e00000)
  to   space 1536K, 0% used [0x00000000d5e00000,0x00000000d5e00000,0x00000000d5f80000)
 ParOldGen       total 177664K, used 177398K [0x0000000080000000, 0x000000008ad80000, 0x00000000d5580000)
  object space 177664K, 99% used [0x0000000080000000,0x000000008ad3d9f0,0x000000008ad80000)
 Metaspace       used 68796K, committed 70336K, reserved 1114112K
  class space    used 7107K, committed 7808K, reserved 1048576K
}
Event: 34.328 GC heap before
{Heap before GC invocations=361 (full 3):
 PSYoungGen      total 8704K, used 8395K [0x00000000d5580000, 0x00000000d5f80000, 0x0000000100000000)
  eden space 7168K, 100% used [0x00000000d5580000,0x00000000d5c80000,0x00000000d5c80000)
  from space 1536K, 79% used [0x00000000d5c80000,0x00000000d5db2cb8,0x00000000d5e00000)
  to   space 1536K, 0% used [0x00000000d5e00000,0x00000000d5e00000,0x00000000d5f80000)
 ParOldGen       total 177664K, used 177398K [0x0000000080000000, 0x000000008ad80000, 0x00000000d5580000)
  object space 177664K, 99% used [0x0000000080000000,0x000000008ad3d9f0,0x000000008ad80000)
 Metaspace       used 68808K, committed 70336K, reserved 1114112K
  class space    used 7107K, committed 7808K, reserved 1048576K
}
Event: 34.330 GC heap after
{Heap after GC invocations=361 (full 3):
 PSYoungGen      total 8704K, used 1066K [0x00000000d5580000, 0x00000000d5f80000, 0x0000000100000000)
  eden space 7168K, 0% used [0x00000000d5580000,0x00000000d5580000,0x00000000d5c80000)
  from space 1536K, 69% used [0x00000000d5e00000,0x00000000d5f0a910,0x00000000d5f80000)
  to   space 1536K, 0% used [0x00000000d5c80000,0x00000000d5c80000,0x00000000d5e00000)
 ParOldGen       total 178688K, used 178371K [0x0000000080000000, 0x000000008ae80000, 0x00000000d5580000)
  object space 178688K, 99% used [0x0000000080000000,0x000000008ae30d58,0x000000008ae80000)
 Metaspace       used 68808K, committed 70336K, reserved 1114112K
  class space    used 7107K, committed 7808K, reserved 1048576K
}
Event: 34.379 GC heap before
{Heap before GC invocations=362 (full 3):
 PSYoungGen      total 8704K, used 8234K [0x00000000d5580000, 0x00000000d5f80000, 0x0000000100000000)
  eden space 7168K, 100% used [0x00000000d5580000,0x00000000d5c80000,0x00000000d5c80000)
  from space 1536K, 69% used [0x00000000d5e00000,0x00000000d5f0a910,0x00000000d5f80000)
  to   space 1536K, 0% used [0x00000000d5c80000,0x00000000d5c80000,0x00000000d5e00000)
 ParOldGen       total 178688K, used 178371K [0x0000000080000000, 0x000000008ae80000, 0x00000000d5580000)
  object space 178688K, 99% used [0x0000000080000000,0x000000008ae30d58,0x000000008ae80000)
 Metaspace       used 68834K, committed 70400K, reserved 1114112K
  class space    used 7111K, committed 7808K, reserved 1048576K
}
Event: 34.380 GC heap after
{Heap after GC invocations=362 (full 3):
 PSYoungGen      total 8192K, used 548K [0x00000000d5580000, 0x00000000d5e80000, 0x0000000100000000)
  eden space 7168K, 0% used [0x00000000d5580000,0x00000000d5580000,0x00000000d5c80000)
  from space 1024K, 53% used [0x00000000d5c80000,0x00000000d5d09210,0x00000000d5d80000)
  to   space 1024K, 0% used [0x00000000d5d80000,0x00000000d5d80000,0x00000000d5e80000)
 ParOldGen       total 179200K, used 178893K [0x0000000080000000, 0x000000008af00000, 0x00000000d5580000)
  object space 179200K, 99% used [0x0000000080000000,0x000000008aeb35c8,0x000000008af00000)
 Metaspace       used 68834K, committed 70400K, reserved 1114112K
  class space    used 7111K, committed 7808K, reserved 1048576K
}
Event: 34.428 GC heap before
{Heap before GC invocations=363 (full 3):
 PSYoungGen      total 8192K, used 7716K [0x00000000d5580000, 0x00000000d5e80000, 0x0000000100000000)
  eden space 7168K, 100% used [0x00000000d5580000,0x00000000d5c80000,0x00000000d5c80000)
  from space 1024K, 53% used [0x00000000d5c80000,0x00000000d5d09210,0x00000000d5d80000)
  to   space 1024K, 0% used [0x00000000d5d80000,0x00000000d5d80000,0x00000000d5e80000)
 ParOldGen       total 179200K, used 178893K [0x0000000080000000, 0x000000008af00000, 0x00000000d5580000)
  object space 179200K, 99% used [0x0000000080000000,0x000000008aeb35c8,0x000000008af00000)
 Metaspace       used 68857K, committed 70400K, reserved 1114112K
  class space    used 7111K, committed 7808K, reserved 1048576K
}
Event: 34.429 GC heap after
{Heap after GC invocations=363 (full 3):
 PSYoungGen      total 8192K, used 468K [0x00000000d5580000, 0x00000000d5e80000, 0x0000000100000000)
  eden space 7168K, 0% used [0x00000000d5580000,0x00000000d5580000,0x00000000d5c80000)
  from space 1024K, 45% used [0x00000000d5d80000,0x00000000d5df5200,0x00000000d5e80000)
  to   space 1024K, 0% used [0x00000000d5c80000,0x00000000d5c80000,0x00000000d5d80000)
 ParOldGen       total 179200K, used 178981K [0x0000000080000000, 0x000000008af00000, 0x00000000d5580000)
  object space 179200K, 99% used [0x0000000080000000,0x000000008aec95c8,0x000000008af00000)
 Metaspace       used 68857K, committed 70400K, reserved 1114112K
  class space    used 7111K, committed 7808K, reserved 1048576K
}
Event: 34.475 GC heap before
{Heap before GC invocations=364 (full 3):
 PSYoungGen      total 8192K, used 7636K [0x00000000d5580000, 0x00000000d5e80000, 0x0000000100000000)
  eden space 7168K, 100% used [0x00000000d5580000,0x00000000d5c80000,0x00000000d5c80000)
  from space 1024K, 45% used [0x00000000d5d80000,0x00000000d5df5200,0x00000000d5e80000)
  to   space 1024K, 0% used [0x00000000d5c80000,0x00000000d5c80000,0x00000000d5d80000)
 ParOldGen       total 179200K, used 178981K [0x0000000080000000, 0x000000008af00000, 0x00000000d5580000)
  object space 179200K, 99% used [0x0000000080000000,0x000000008aec95c8,0x000000008af00000)
 Metaspace       used 68871K, committed 70400K, reserved 1114112K
  class space    used 7112K, committed 7808K, reserved 1048576K
}
Event: 34.476 GC heap after
{Heap after GC invocations=364 (full 3):
 PSYoungGen      total 8192K, used 496K [0x00000000d5580000, 0x00000000d5e00000, 0x0000000100000000)
  eden space 7168K, 0% used [0x00000000d5580000,0x00000000d5580000,0x00000000d5c80000)
  from space 1024K, 48% used [0x00000000d5c80000,0x00000000d5cfc010,0x00000000d5d80000)
  to   space 512K, 0% used [0x00000000d5d80000,0x00000000d5d80000,0x00000000d5e00000)
 ParOldGen       total 179200K, used 179157K [0x0000000080000000, 0x000000008af00000, 0x00000000d5580000)
  object space 179200K, 99% used [0x0000000080000000,0x000000008aef55c8,0x000000008af00000)
 Metaspace       used 68871K, committed 70400K, reserved 1114112K
  class space    used 7112K, committed 7808K, reserved 1048576K
}
Event: 34.513 GC heap before
{Heap before GC invocations=365 (full 3):
 PSYoungGen      total 8192K, used 7664K [0x00000000d5580000, 0x00000000d5e00000, 0x0000000100000000)
  eden space 7168K, 100% used [0x00000000d5580000,0x00000000d5c80000,0x00000000d5c80000)
  from space 1024K, 48% used [0x00000000d5c80000,0x00000000d5cfc010,0x00000000d5d80000)
  to   space 512K, 0% used [0x00000000d5d80000,0x00000000d5d80000,0x00000000d5e00000)
 ParOldGen       total 179200K, used 179157K [0x0000000080000000, 0x000000008af00000, 0x00000000d5580000)
  object space 179200K, 99% used [0x0000000080000000,0x000000008aef55c8,0x000000008af00000)
 Metaspace       used 68887K, committed 70464K, reserved 1114112K
  class space    used 7112K, committed 7808K, reserved 1048576K
}
Event: 34.514 GC heap after
{Heap after GC invocations=365 (full 3):
 PSYoungGen      total 7680K, used 500K [0x00000000d5580000, 0x00000000d5e80000, 0x0000000100000000)
  eden space 7168K, 0% used [0x00000000d5580000,0x00000000d5580000,0x00000000d5c80000)
  from space 512K, 97% used [0x00000000d5d80000,0x00000000d5dfd200,0x00000000d5e00000)
  to   space 1024K, 0% used [0x00000000d5c80000,0x00000000d5c80000,0x00000000d5d80000)
 ParOldGen       total 179712K, used 179488K [0x0000000080000000, 0x000000008af80000, 0x00000000d5580000)
  object space 179712K, 99% used [0x0000000080000000,0x000000008af481f8,0x000000008af80000)
 Metaspace       used 68887K, committed 70464K, reserved 1114112K
  class space    used 7112K, committed 7808K, reserved 1048576K
}
Event: 34.557 GC heap before
{Heap before GC invocations=366 (full 3):
 PSYoungGen      total 7680K, used 7668K [0x00000000d5580000, 0x00000000d5e80000, 0x0000000100000000)
  eden space 7168K, 100% used [0x00000000d5580000,0x00000000d5c80000,0x00000000d5c80000)
  from space 512K, 97% used [0x00000000d5d80000,0x00000000d5dfd200,0x00000000d5e00000)
  to   space 1024K, 0% used [0x00000000d5c80000,0x00000000d5c80000,0x00000000d5d80000)
 ParOldGen       total 179712K, used 179488K [0x0000000080000000, 0x000000008af80000, 0x00000000d5580000)
  object space 179712K, 99% used [0x0000000080000000,0x000000008af481f8,0x000000008af80000)
 Metaspace       used 68898K, committed 70464K, reserved 1114112K
  class space    used 7113K, committed 7808K, reserved 1048576K
}
Event: 34.558 GC heap after
{Heap after GC invocations=366 (full 3):
 PSYoungGen      total 8192K, used 372K [0x00000000d5580000, 0x00000000d5e80000, 0x0000000100000000)
  eden space 7168K, 0% used [0x00000000d5580000,0x00000000d5580000,0x00000000d5c80000)
  from space 1024K, 36% used [0x00000000d5c80000,0x00000000d5cdd200,0x00000000d5d80000)
  to   space 1024K, 0% used [0x00000000d5d80000,0x00000000d5d80000,0x00000000d5e80000)
 ParOldGen       total 180224K, used 179767K [0x0000000080000000, 0x000000008b000000, 0x00000000d5580000)
  object space 180224K, 99% used [0x0000000080000000,0x000000008af8dd10,0x000000008b000000)
 Metaspace       used 68898K, committed 70464K, reserved 1114112K
  class space    used 7113K, committed 7808K, reserved 1048576K
}
Event: 34.597 GC heap before
{Heap before GC invocations=367 (full 3):
 PSYoungGen      total 8192K, used 7540K [0x00000000d5580000, 0x00000000d5e80000, 0x0000000100000000)
  eden space 7168K, 100% used [0x00000000d5580000,0x00000000d5c80000,0x00000000d5c80000)
  from space 1024K, 36% used [0x00000000d5c80000,0x00000000d5cdd200,0x00000000d5d80000)
  to   space 1024K, 0% used [0x00000000d5d80000,0x00000000d5d80000,0x00000000d5e80000)
 ParOldGen       total 180224K, used 179767K [0x0000000080000000, 0x000000008b000000, 0x00000000d5580000)
  object space 180224K, 99% used [0x0000000080000000,0x000000008af8dd10,0x000000008b000000)
 Metaspace       used 68933K, committed 70464K, reserved 1114112K
  class space    used 7114K, committed 7808K, reserved 1048576K
}
Event: 34.598 GC heap after
{Heap after GC invocations=367 (full 3):
 PSYoungGen      total 7680K, used 378K [0x00000000d5580000, 0x00000000d5e00000, 0x0000000100000000)
  eden space 7168K, 0% used [0x00000000d5580000,0x00000000d5580000,0x00000000d5c80000)
  from space 512K, 73% used [0x00000000d5d80000,0x00000000d5dde900,0x00000000d5e00000)
  to   space 512K, 0% used [0x00000000d5d00000,0x00000000d5d00000,0x00000000d5d80000)
 ParOldGen       total 180224K, used 179903K [0x0000000080000000, 0x000000008b000000, 0x00000000d5580000)
  object space 180224K, 99% used [0x0000000080000000,0x000000008afafd10,0x000000008b000000)
 Metaspace       used 68933K, committed 70464K, reserved 1114112K
  class space    used 7114K, committed 7808K, reserved 1048576K
}

