# JRE version: OpenJDK Runtime Environment Temurin-21.0.10+7 (21.0.10+7) (build 21.0.10+7-LTS)
# Java VM: OpenJDK 64-Bit Server VM Temurin-21.0.10+7 (21.0.10+7-LTS, mixed mode, sharing, tiered, compressed oops, compressed class ptrs, parallel gc, windows-amd64)
GC Precious Log:
 CardTable entry size: 512
 CPUs: 12 total, 12 available
 Memory: 16163M
 Large Page Support: Disabled
 NUMA Support: Disabled
 Compressed Oops: Enabled (32-bit)
 Alignments: Space 512K, Generation 512K, Heap 2M
 Heap Min Capacity: 100M
 Heap Initial Capacity: 100M
 Heap Max Capacity: 2G
 Pre-touch: Disabled
 Parallel Workers: 10
Heap:
 PSYoungGen      total 13312K, used 10557K [0x00000000d5580000, 0x00000000d6400000, 0x0000000100000000)
  eden space 11776K, 80% used [0x00000000d5580000,0x00000000d5eca3f8,0x00000000d6100000)
  from space 1536K, 68% used [0x00000000d6100000,0x00000000d6205200,0x00000000d6280000)
  to   space 1536K, 0% used [0x00000000d6280000,0x00000000d6280000,0x00000000d6400000)
 ParOldGen       total 261632K, used 185975K [0x0000000080000000, 0x000000008ff80000, 0x00000000d5580000)
  object space 261632K, 71% used [0x0000000080000000,0x000000008b59df98,0x000000008ff80000)
 Metaspace       used 81363K, committed 83072K, reserved 1179648K
  class space    used 8312K, committed 9024K, reserved 1048576K
GC Heap History (20 events):
Event: 4850.245 GC heap before
{Heap before GC invocations=218 (full 4):
 PSYoungGen      total 12800K, used 12707K [0x00000000d5580000, 0x00000000d6500000, 0x0000000100000000)
  eden space 12288K, 100% used [0x00000000d5580000,0x00000000d6180000,0x00000000d6180000)
  from space 512K, 81% used [0x00000000d6400000,0x00000000d6468f00,0x00000000d6480000)
  to   space 512K, 0% used [0x00000000d6480000,0x00000000d6480000,0x00000000d6500000)
 ParOldGen       total 261632K, used 180397K [0x0000000080000000, 0x000000008ff80000, 0x00000000d5580000)
  object space 261632K, 68% used [0x0000000080000000,0x000000008b02b4f0,0x000000008ff80000)
 Metaspace       used 79519K, committed 81216K, reserved 1179648K
  class space    used 8168K, committed 8896K, reserved 1048576K
}
Event: 4850.246 GC heap after
{Heap after GC invocations=218 (full 4):
 PSYoungGen      total 12800K, used 512K [0x00000000d5580000, 0x00000000d6500000, 0x0000000100000000)
  eden space 12288K, 0% used [0x00000000d5580000,0x00000000d5580000,0x00000000d6180000)
  from space 512K, 100% used [0x00000000d6480000,0x00000000d6500000,0x00000000d6500000)
  to   space 1024K, 0% used [0x00000000d6300000,0x00000000d6300000,0x00000000d6400000)
 ParOldGen       total 261632K, used 180713K [0x0000000080000000, 0x000000008ff80000, 0x00000000d5580000)
  object space 261632K, 69% used [0x0000000080000000,0x000000008b07a728,0x000000008ff80000)
 Metaspace       used 79519K, committed 81216K, reserved 1179648K
  class space    used 8168K, committed 8896K, reserved 1048576K
}
Event: 4850.309 GC heap before
{Heap before GC invocations=219 (full 4):
 PSYoungGen      total 12800K, used 12800K [0x00000000d5580000, 0x00000000d6500000, 0x0000000100000000)
  eden space 12288K, 100% used [0x00000000d5580000,0x00000000d6180000,0x00000000d6180000)
  from space 512K, 100% used [0x00000000d6480000,0x00000000d6500000,0x00000000d6500000)
  to   space 1024K, 0% used [0x00000000d6300000,0x00000000d6300000,0x00000000d6400000)
 ParOldGen       total 261632K, used 180713K [0x0000000080000000, 0x000000008ff80000, 0x00000000d5580000)
  object space 261632K, 69% used [0x0000000080000000,0x000000008b07a728,0x000000008ff80000)
 Metaspace       used 79840K, committed 81536K, reserved 1179648K
  class space    used 8193K, committed 8896K, reserved 1048576K
}
Event: 4850.310 GC heap after
{Heap after GC invocations=219 (full 4):
 PSYoungGen      total 13312K, used 608K [0x00000000d5580000, 0x00000000d6500000, 0x0000000100000000)
  eden space 12288K, 0% used [0x00000000d5580000,0x00000000d5580000,0x00000000d6180000)
  from space 1024K, 59% used [0x00000000d6300000,0x00000000d6398000,0x00000000d6400000)
  to   space 1024K, 0% used [0x00000000d6400000,0x00000000d6400000,0x00000000d6500000)
 ParOldGen       total 261632K, used 181129K [0x0000000080000000, 0x000000008ff80000, 0x00000000d5580000)
  object space 261632K, 69% used [0x0000000080000000,0x000000008b0e2728,0x000000008ff80000)
 Metaspace       used 79840K, committed 81536K, reserved 1179648K
  class space    used 8193K, committed 8896K, reserved 1048576K
}
Event: 4850.385 GC heap before
{Heap before GC invocations=220 (full 4):
 PSYoungGen      total 13312K, used 12896K [0x00000000d5580000, 0x00000000d6500000, 0x0000000100000000)
  eden space 12288K, 100% used [0x00000000d5580000,0x00000000d6180000,0x00000000d6180000)
  from space 1024K, 59% used [0x00000000d6300000,0x00000000d6398000,0x00000000d6400000)
  to   space 1024K, 0% used [0x00000000d6400000,0x00000000d6400000,0x00000000d6500000)
 ParOldGen       total 261632K, used 181129K [0x0000000080000000, 0x000000008ff80000, 0x00000000d5580000)
  object space 261632K, 69% used [0x0000000080000000,0x000000008b0e2728,0x000000008ff80000)
 Metaspace       used 80290K, committed 82048K, reserved 1179648K
  class space    used 8243K, committed 8960K, reserved 1048576K
}
Event: 4850.386 GC heap after
{Heap after GC invocations=220 (full 4):
 PSYoungGen      total 13312K, used 868K [0x00000000d5580000, 0x00000000d6500000, 0x0000000100000000)
  eden space 12288K, 0% used [0x00000000d5580000,0x00000000d5580000,0x00000000d6180000)
  from space 1024K, 84% used [0x00000000d6400000,0x00000000d64d9210,0x00000000d6500000)
  to   space 1024K, 0% used [0x00000000d6300000,0x00000000d6300000,0x00000000d6400000)
 ParOldGen       total 261632K, used 181409K [0x0000000080000000, 0x000000008ff80000, 0x00000000d5580000)
  object space 261632K, 69% used [0x0000000080000000,0x000000008b128728,0x000000008ff80000)
 Metaspace       used 80290K, committed 82048K, reserved 1179648K
  class space    used 8243K, committed 8960K, reserved 1048576K
}
Event: 4850.476 GC heap before
{Heap before GC invocations=221 (full 4):
 PSYoungGen      total 13312K, used 13156K [0x00000000d5580000, 0x00000000d6500000, 0x0000000100000000)
  eden space 12288K, 100% used [0x00000000d5580000,0x00000000d6180000,0x00000000d6180000)
  from space 1024K, 84% used [0x00000000d6400000,0x00000000d64d9210,0x00000000d6500000)
  to   space 1024K, 0% used [0x00000000d6300000,0x00000000d6300000,0x00000000d6400000)
 ParOldGen       total 261632K, used 181409K [0x0000000080000000, 0x000000008ff80000, 0x00000000d5580000)
  object space 261632K, 69% used [0x0000000080000000,0x000000008b128728,0x000000008ff80000)
 Metaspace       used 80564K, committed 82304K, reserved 1179648K
  class space    used 8268K, committed 8960K, reserved 1048576K
}
Event: 4850.478 GC heap after
{Heap after GC invocations=221 (full 4):
 PSYoungGen      total 13312K, used 997K [0x00000000d5580000, 0x00000000d6480000, 0x0000000100000000)
  eden space 12288K, 0% used [0x00000000d5580000,0x00000000d5580000,0x00000000d6180000)
  from space 1024K, 97% used [0x00000000d6300000,0x00000000d63f9490,0x00000000d6400000)
  to   space 512K, 0% used [0x00000000d6400000,0x00000000d6400000,0x00000000d6480000)
 ParOldGen       total 261632K, used 181789K [0x0000000080000000, 0x000000008ff80000, 0x00000000d5580000)
  object space 261632K, 69% used [0x0000000080000000,0x000000008b187658,0x000000008ff80000)
 Metaspace       used 80564K, committed 82304K, reserved 1179648K
  class space    used 8268K, committed 8960K, reserved 1048576K
}
Event: 4850.513 GC heap before
{Heap before GC invocations=222 (full 4):
 PSYoungGen      total 13312K, used 13285K [0x00000000d5580000, 0x00000000d6480000, 0x0000000100000000)
  eden space 12288K, 100% used [0x00000000d5580000,0x00000000d6180000,0x00000000d6180000)
  from space 1024K, 97% used [0x00000000d6300000,0x00000000d63f9490,0x00000000d6400000)
  to   space 512K, 0% used [0x00000000d6400000,0x00000000d6400000,0x00000000d6480000)
 ParOldGen       total 261632K, used 181789K [0x0000000080000000, 0x000000008ff80000, 0x00000000d5580000)
  object space 261632K, 69% used [0x0000000080000000,0x000000008b187658,0x000000008ff80000)
 Metaspace       used 80646K, committed 82368K, reserved 1179648K
  class space    used 8268K, committed 8960K, reserved 1048576K
}
Event: 4850.515 GC heap after
{Heap after GC invocations=222 (full 4):
 PSYoungGen      total 12800K, used 512K [0x00000000d5580000, 0x00000000d6580000, 0x0000000100000000)
  eden space 12288K, 0% used [0x00000000d5580000,0x00000000d5580000,0x00000000d6180000)
  from space 512K, 100% used [0x00000000d6400000,0x00000000d6480000,0x00000000d6480000)
  to   space 2048K, 0% used [0x00000000d6180000,0x00000000d6180000,0x00000000d6380000)
 ParOldGen       total 261632K, used 182955K [0x0000000080000000, 0x000000008ff80000, 0x00000000d5580000)
  object space 261632K, 69% used [0x0000000080000000,0x000000008b2aafd0,0x000000008ff80000)
 Metaspace       used 80646K, committed 82368K, reserved 1179648K
  class space    used 8268K, committed 8960K, reserved 1048576K
}
Event: 4850.622 GC heap before
{Heap before GC invocations=223 (full 4):
 PSYoungGen      total 12800K, used 12800K [0x00000000d5580000, 0x00000000d6580000, 0x0000000100000000)
  eden space 12288K, 100% used [0x00000000d5580000,0x00000000d6180000,0x00000000d6180000)
  from space 512K, 100% used [0x00000000d6400000,0x00000000d6480000,0x00000000d6480000)
  to   space 2048K, 0% used [0x00000000d6180000,0x00000000d6180000,0x00000000d6380000)
 ParOldGen       total 261632K, used 182955K [0x0000000080000000, 0x000000008ff80000, 0x00000000d5580000)
  object space 261632K, 69% used [0x0000000080000000,0x000000008b2aafd0,0x000000008ff80000)
 Metaspace       used 81171K, committed 82944K, reserved 1179648K
  class space    used 8304K, committed 9024K, reserved 1048576K
}
Event: 4850.623 GC heap after
{Heap after GC invocations=223 (full 4):
 PSYoungGen      total 13824K, used 1121K [0x00000000d5580000, 0x00000000d6480000, 0x0000000100000000)
  eden space 12288K, 0% used [0x00000000d5580000,0x00000000d5580000,0x00000000d6180000)
  from space 1536K, 73% used [0x00000000d6180000,0x00000000d62987e0,0x00000000d6300000)
  to   space 1536K, 0% used [0x00000000d6300000,0x00000000d6300000,0x00000000d6480000)
 ParOldGen       total 261632K, used 183235K [0x0000000080000000, 0x000000008ff80000, 0x00000000d5580000)
  object space 261632K, 70% used [0x0000000080000000,0x000000008b2f0fd0,0x000000008ff80000)
 Metaspace       used 81171K, committed 82944K, reserved 1179648K
  class space    used 8304K, committed 9024K, reserved 1048576K
}
Event: 4936.649 GC heap before
{Heap before GC invocations=224 (full 4):
 PSYoungGen      total 13824K, used 13409K [0x00000000d5580000, 0x00000000d6480000, 0x0000000100000000)
  eden space 12288K, 100% used [0x00000000d5580000,0x00000000d6180000,0x00000000d6180000)
  from space 1536K, 73% used [0x00000000d6180000,0x00000000d62987e0,0x00000000d6300000)
  to   space 1536K, 0% used [0x00000000d6300000,0x00000000d6300000,0x00000000d6480000)
 ParOldGen       total 261632K, used 183235K [0x0000000080000000, 0x000000008ff80000, 0x00000000d5580000)
  object space 261632K, 70% used [0x0000000080000000,0x000000008b2f0fd0,0x000000008ff80000)
 Metaspace       used 81243K, committed 83008K, reserved 1179648K
  class space    used 8305K, committed 9024K, reserved 1048576K
}
Event: 4936.651 GC heap after
{Heap after GC invocations=224 (full 4):
 PSYoungGen      total 13312K, used 532K [0x00000000d5580000, 0x00000000d6400000, 0x0000000100000000)
  eden space 12288K, 0% used [0x00000000d5580000,0x00000000d5580000,0x00000000d6180000)
  from space 1024K, 52% used [0x00000000d6300000,0x00000000d6385220,0x00000000d6400000)
  to   space 1024K, 0% used [0x00000000d6200000,0x00000000d6200000,0x00000000d6300000)
 ParOldGen       total 261632K, used 184124K [0x0000000080000000, 0x000000008ff80000, 0x00000000d5580000)
  object space 261632K, 70% used [0x0000000080000000,0x000000008b3cf198,0x000000008ff80000)
 Metaspace       used 81243K, committed 83008K, reserved 1179648K
  class space    used 8305K, committed 9024K, reserved 1048576K
}
Event: 4936.700 GC heap before
{Heap before GC invocations=225 (full 4):
 PSYoungGen      total 13312K, used 12820K [0x00000000d5580000, 0x00000000d6400000, 0x0000000100000000)
  eden space 12288K, 100% used [0x00000000d5580000,0x00000000d6180000,0x00000000d6180000)
  from space 1024K, 52% used [0x00000000d6300000,0x00000000d6385220,0x00000000d6400000)
  to   space 1024K, 0% used [0x00000000d6200000,0x00000000d6200000,0x00000000d6300000)
 ParOldGen       total 261632K, used 184124K [0x0000000080000000, 0x000000008ff80000, 0x00000000d5580000)
  object space 261632K, 70% used [0x0000000080000000,0x000000008b3cf198,0x000000008ff80000)
 Metaspace       used 81260K, committed 83008K, reserved 1179648K
  class space    used 8305K, committed 9024K, reserved 1048576K
}
Event: 4936.701 GC heap after
{Heap after GC invocations=225 (full 4):
 PSYoungGen      total 13312K, used 692K [0x00000000d5580000, 0x00000000d6380000, 0x0000000100000000)
  eden space 12288K, 0% used [0x00000000d5580000,0x00000000d5580000,0x00000000d6180000)
  from space 1024K, 67% used [0x00000000d6200000,0x00000000d62ad200,0x00000000d6300000)
  to   space 512K, 0% used [0x00000000d6300000,0x00000000d6300000,0x00000000d6380000)
 ParOldGen       total 261632K, used 184404K [0x0000000080000000, 0x000000008ff80000, 0x00000000d5580000)
  object space 261632K, 70% used [0x0000000080000000,0x000000008b4151b8,0x000000008ff80000)
 Metaspace       used 81260K, committed 83008K, reserved 1179648K
  class space    used 8305K, committed 9024K, reserved 1048576K
}
Event: 5036.830 GC heap before
{Heap before GC invocations=226 (full 4):
 PSYoungGen      total 13312K, used 12980K [0x00000000d5580000, 0x00000000d6380000, 0x0000000100000000)
  eden space 12288K, 100% used [0x00000000d5580000,0x00000000d6180000,0x00000000d6180000)
  from space 1024K, 67% used [0x00000000d6200000,0x00000000d62ad200,0x00000000d6300000)
  to   space 512K, 0% used [0x00000000d6300000,0x00000000d6300000,0x00000000d6380000)
 ParOldGen       total 261632K, used 184404K [0x0000000080000000, 0x000000008ff80000, 0x00000000d5580000)
  object space 261632K, 70% used [0x0000000080000000,0x000000008b4151b8,0x000000008ff80000)
 Metaspace       used 81285K, committed 83008K, reserved 1179648K
  class space    used 8305K, committed 9024K, reserved 1048576K
}
Event: 5036.833 GC heap after
{Heap after GC invocations=226 (full 4):
 PSYoungGen      total 12288K, used 489K [0x00000000d5580000, 0x00000000d6580000, 0x0000000100000000)
  eden space 11776K, 0% used [0x00000000d5580000,0x00000000d5580000,0x00000000d6100000)
  from space 512K, 95% used [0x00000000d6300000,0x00000000d637a420,0x00000000d6380000)
  to   space 2048K, 0% used [0x00000000d6100000,0x00000000d6100000,0x00000000d6300000)
 ParOldGen       total 261632K, used 185454K [0x0000000080000000, 0x000000008ff80000, 0x00000000d5580000)
  object space 261632K, 70% used [0x0000000080000000,0x000000008b51bb68,0x000000008ff80000)
 Metaspace       used 81285K, committed 83008K, reserved 1179648K
  class space    used 8305K, committed 9024K, reserved 1048576K
}
Event: 5045.013 GC heap before
{Heap before GC invocations=227 (full 4):
 PSYoungGen      total 12288K, used 12265K [0x00000000d5580000, 0x00000000d6580000, 0x0000000100000000)
  eden space 11776K, 100% used [0x00000000d5580000,0x00000000d6100000,0x00000000d6100000)
  from space 512K, 95% used [0x00000000d6300000,0x00000000d637a420,0x00000000d6380000)
  to   space 2048K, 0% used [0x00000000d6100000,0x00000000d6100000,0x00000000d6300000)
 ParOldGen       total 261632K, used 185454K [0x0000000080000000, 0x000000008ff80000, 0x00000000d5580000)
  object space 261632K, 70% used [0x0000000080000000,0x000000008b51bb68,0x000000008ff80000)
 Metaspace       used 81328K, committed 83072K, reserved 1179648K
  class space    used 8312K, committed 9024K, reserved 1048576K
}
Event: 5045.016 GC heap after
{Heap after GC invocations=227 (full 4):
 PSYoungGen      total 13312K, used 1044K [0x00000000d5580000, 0x00000000d6400000, 0x0000000100000000)
  eden space 11776K, 0% used [0x00000000d5580000,0x00000000d5580000,0x00000000d6100000)
  from space 1536K, 68% used [0x00000000d6100000,0x00000000d6205200,0x00000000d6280000)
  to   space 1536K, 0% used [0x00000000d6280000,0x00000000d6280000,0x00000000d6400000)
 ParOldGen       total 261632K, used 185975K [0x0000000080000000, 0x000000008ff80000, 0x00000000d5580000)
  object space 261632K, 71% used [0x0000000080000000,0x000000008b59df98,0x000000008ff80000)
 Metaspace       used 81328K, committed 83072K, reserved 1179648K
  class space    used 8312K, committed 9024K, reserved 1048576K
}

