# JRE version: OpenJDK Runtime Environment Temurin-21.0.10+7 (21.0.10+7) (build 21.0.10+7-LTS)
# Java VM: OpenJDK 64-Bit Server VM Temurin-21.0.10+7 (21.0.10+7-LTS, mixed mode, sharing, tiered, compressed oops, compressed class ptrs, parallel gc, windows-amd64)
GC Precious Log:
 CardTable entry size: 512
 CPUs: 12 total, 12 available
 Memory: 16163M
 Large Page Support: Disabled
 NUMA Support: Disabled
 Compressed Oops: Enabled (32-bit)
 Alignments: Space 512K, Generation 512K, Heap 2M
 Heap Min Capacity: 100M
 Heap Initial Capacity: 100M
 Heap Max Capacity: 2G
 Pre-touch: Disabled
 Parallel Workers: 10
Heap:
 PSYoungGen      total 3072K, used 2623K [0x00000000d5580000, 0x00000000d5a00000, 0x0000000100000000)
  eden space 2048K, 99% used [0x00000000d5580000,0x00000000d577eed8,0x00000000d5780000)
  from space 1024K, 56% used [0x00000000d5780000,0x00000000d5811110,0x00000000d5880000)
  to   space 1024K, 0% used [0x00000000d5900000,0x00000000d5900000,0x00000000d5a00000)
 ParOldGen       total 732672K, used 332598K [0x0000000080000000, 0x00000000acb80000, 0x00000000d5580000)
  object space 732672K, 45% used [0x0000000080000000,0x00000000944cdb90,0x00000000acb80000)
 Metaspace       used 84534K, committed 86464K, reserved 1179648K
  class space    used 8392K, committed 9344K, reserved 1048576K
GC Heap History (20 events):
Event: 569.586 GC heap before
{Heap before GC invocations=1685 (full 5):
 PSYoungGen      total 3072K, used 3046K [0x00000000d5580000, 0x00000000d5b80000, 0x0000000100000000)
  eden space 2048K, 100% used [0x00000000d5580000,0x00000000d5780000,0x00000000d5780000)
  from space 1024K, 97% used [0x00000000d5780000,0x00000000d5879bc8,0x00000000d5880000)
  to   space 2048K, 0% used [0x00000000d5980000,0x00000000d5980000,0x00000000d5b80000)
 ParOldGen       total 732672K, used 327189K [0x0000000080000000, 0x00000000acb80000, 0x00000000d5580000)
  object space 732672K, 44% used [0x0000000080000000,0x0000000093f857d0,0x00000000acb80000)
 Metaspace       used 84516K, committed 86464K, reserved 1179648K
  class space    used 8392K, committed 9344K, reserved 1048576K
}
Event: 569.587 GC heap after
{Heap after GC invocations=1685 (full 5):
 PSYoungGen      total 3584K, used 1149K [0x00000000d5580000, 0x00000000d5b00000, 0x0000000100000000)
  eden space 2048K, 0% used [0x00000000d5580000,0x00000000d5580000,0x00000000d5780000)
  from space 1536K, 74% used [0x00000000d5980000,0x00000000d5a9f740,0x00000000d5b00000)
  to   space 1536K, 0% used [0x00000000d5800000,0x00000000d5800000,0x00000000d5980000)
 ParOldGen       total 732672K, used 328204K [0x0000000080000000, 0x00000000acb80000, 0x00000000d5580000)
  object space 732672K, 44% used [0x0000000080000000,0x0000000094083060,0x00000000acb80000)
 Metaspace       used 84516K, committed 86464K, reserved 1179648K
  class space    used 8392K, committed 9344K, reserved 1048576K
}
Event: 569.593 GC heap before
{Heap before GC invocations=1686 (full 5):
 PSYoungGen      total 3584K, used 3197K [0x00000000d5580000, 0x00000000d5b00000, 0x0000000100000000)
  eden space 2048K, 100% used [0x00000000d5580000,0x00000000d5780000,0x00000000d5780000)
  from space 1536K, 74% used [0x00000000d5980000,0x00000000d5a9f740,0x00000000d5b00000)
  to   space 1536K, 0% used [0x00000000d5800000,0x00000000d5800000,0x00000000d5980000)
 ParOldGen       total 732672K, used 328204K [0x0000000080000000, 0x00000000acb80000, 0x00000000d5580000)
  object space 732672K, 44% used [0x0000000080000000,0x0000000094083060,0x00000000acb80000)
 Metaspace       used 84524K, committed 86464K, reserved 1179648K
  class space    used 8392K, committed 9344K, reserved 1048576K
}
Event: 569.594 GC heap after
{Heap after GC invocations=1686 (full 5):
 PSYoungGen      total 3072K, used 928K [0x00000000d5580000, 0x00000000d5a80000, 0x0000000100000000)
  eden space 2048K, 0% used [0x00000000d5580000,0x00000000d5580000,0x00000000d5780000)
  from space 1024K, 90% used [0x00000000d5800000,0x00000000d58e8000,0x00000000d5900000)
  to   space 1536K, 0% used [0x00000000d5900000,0x00000000d5900000,0x00000000d5a80000)
 ParOldGen       total 732672K, used 329208K [0x0000000080000000, 0x00000000acb80000, 0x00000000d5580000)
  object space 732672K, 44% used [0x0000000080000000,0x000000009417e330,0x00000000acb80000)
 Metaspace       used 84524K, committed 86464K, reserved 1179648K
  class space    used 8392K, committed 9344K, reserved 1048576K
}
Event: 569.601 GC heap before
{Heap before GC invocations=1687 (full 5):
 PSYoungGen      total 3072K, used 2976K [0x00000000d5580000, 0x00000000d5a80000, 0x0000000100000000)
  eden space 2048K, 100% used [0x00000000d5580000,0x00000000d5780000,0x00000000d5780000)
  from space 1024K, 90% used [0x00000000d5800000,0x00000000d58e8000,0x00000000d5900000)
  to   space 1536K, 0% used [0x00000000d5900000,0x00000000d5900000,0x00000000d5a80000)
 ParOldGen       total 732672K, used 329208K [0x0000000080000000, 0x00000000acb80000, 0x00000000d5580000)
  object space 732672K, 44% used [0x0000000080000000,0x000000009417e330,0x00000000acb80000)
 Metaspace       used 84524K, committed 86464K, reserved 1179648K
  class space    used 8392K, committed 9344K, reserved 1048576K
}
Event: 569.603 GC heap after
{Heap after GC invocations=1687 (full 5):
 PSYoungGen      total 3072K, used 640K [0x00000000d5580000, 0x00000000d5a00000, 0x0000000100000000)
  eden space 2048K, 0% used [0x00000000d5580000,0x00000000d5580000,0x00000000d5780000)
  from space 1024K, 62% used [0x00000000d5900000,0x00000000d59a0000,0x00000000d5a00000)
  to   space 1024K, 0% used [0x00000000d5800000,0x00000000d5800000,0x00000000d5900000)
 ParOldGen       total 732672K, used 330038K [0x0000000080000000, 0x00000000acb80000, 0x00000000d5580000)
  object space 732672K, 45% used [0x0000000080000000,0x000000009424dbd8,0x00000000acb80000)
 Metaspace       used 84524K, committed 86464K, reserved 1179648K
  class space    used 8392K, committed 9344K, reserved 1048576K
}
Event: 569.610 GC heap before
{Heap before GC invocations=1688 (full 5):
 PSYoungGen      total 3072K, used 2688K [0x00000000d5580000, 0x00000000d5a00000, 0x0000000100000000)
  eden space 2048K, 100% used [0x00000000d5580000,0x00000000d5780000,0x00000000d5780000)
  from space 1024K, 62% used [0x00000000d5900000,0x00000000d59a0000,0x00000000d5a00000)
  to   space 1024K, 0% used [0x00000000d5800000,0x00000000d5800000,0x00000000d5900000)
 ParOldGen       total 732672K, used 330038K [0x0000000080000000, 0x00000000acb80000, 0x00000000d5580000)
  object space 732672K, 45% used [0x0000000080000000,0x000000009424dbd8,0x00000000acb80000)
 Metaspace       used 84525K, committed 86464K, reserved 1179648K
  class space    used 8392K, committed 9344K, reserved 1048576K
}
Event: 569.611 GC heap after
{Heap after GC invocations=1688 (full 5):
 PSYoungGen      total 2560K, used 512K [0x00000000d5580000, 0x00000000d5980000, 0x0000000100000000)
  eden space 2048K, 0% used [0x00000000d5580000,0x00000000d5580000,0x00000000d5780000)
  from space 512K, 100% used [0x00000000d5800000,0x00000000d5880000,0x00000000d5880000)
  to   space 1024K, 0% used [0x00000000d5880000,0x00000000d5880000,0x00000000d5980000)
 ParOldGen       total 732672K, used 330526K [0x0000000080000000, 0x00000000acb80000, 0x00000000d5580000)
  object space 732672K, 45% used [0x0000000080000000,0x00000000942c7bd8,0x00000000acb80000)
 Metaspace       used 84525K, committed 86464K, reserved 1179648K
  class space    used 8392K, committed 9344K, reserved 1048576K
}
Event: 569.648 GC heap before
{Heap before GC invocations=1689 (full 5):
 PSYoungGen      total 2560K, used 2559K [0x00000000d5580000, 0x00000000d5980000, 0x0000000100000000)
  eden space 2048K, 99% used [0x00000000d5580000,0x00000000d577ffd8,0x00000000d5780000)
  from space 512K, 100% used [0x00000000d5800000,0x00000000d5880000,0x00000000d5880000)
  to   space 1024K, 0% used [0x00000000d5880000,0x00000000d5880000,0x00000000d5980000)
 ParOldGen       total 732672K, used 330526K [0x0000000080000000, 0x00000000acb80000, 0x00000000d5580000)
  object space 732672K, 45% used [0x0000000080000000,0x00000000942c7bd8,0x00000000acb80000)
 Metaspace       used 84526K, committed 86464K, reserved 1179648K
  class space    used 8392K, committed 9344K, reserved 1048576K
}
Event: 569.649 GC heap after
{Heap after GC invocations=1689 (full 5):
 PSYoungGen      total 2560K, used 352K [0x00000000d5580000, 0x00000000d5900000, 0x0000000100000000)
  eden space 2048K, 0% used [0x00000000d5580000,0x00000000d5580000,0x00000000d5780000)
  from space 512K, 68% used [0x00000000d5880000,0x00000000d58d8000,0x00000000d5900000)
  to   space 512K, 0% used [0x00000000d5800000,0x00000000d5800000,0x00000000d5880000)
 ParOldGen       total 732672K, used 330906K [0x0000000080000000, 0x00000000acb80000, 0x00000000d5580000)
  object space 732672K, 45% used [0x0000000080000000,0x0000000094326be8,0x00000000acb80000)
 Metaspace       used 84526K, committed 86464K, reserved 1179648K
  class space    used 8392K, committed 9344K, reserved 1048576K
}
Event: 569.681 GC heap before
{Heap before GC invocations=1690 (full 5):
 PSYoungGen      total 2560K, used 2393K [0x00000000d5580000, 0x00000000d5900000, 0x0000000100000000)
  eden space 2048K, 99% used [0x00000000d5580000,0x00000000d577e420,0x00000000d5780000)
  from space 512K, 68% used [0x00000000d5880000,0x00000000d58d8000,0x00000000d5900000)
  to   space 512K, 0% used [0x00000000d5800000,0x00000000d5800000,0x00000000d5880000)
 ParOldGen       total 732672K, used 330906K [0x0000000080000000, 0x00000000acb80000, 0x00000000d5580000)
  object space 732672K, 45% used [0x0000000080000000,0x0000000094326be8,0x00000000acb80000)
 Metaspace       used 84526K, committed 86464K, reserved 1179648K
  class space    used 8392K, committed 9344K, reserved 1048576K
}
Event: 569.682 GC heap after
{Heap after GC invocations=1690 (full 5):
 PSYoungGen      total 2560K, used 352K [0x00000000d5580000, 0x00000000d5900000, 0x0000000100000000)
  eden space 2048K, 0% used [0x00000000d5580000,0x00000000d5580000,0x00000000d5780000)
  from space 512K, 68% used [0x00000000d5800000,0x00000000d5858000,0x00000000d5880000)
  to   space 512K, 0% used [0x00000000d5880000,0x00000000d5880000,0x00000000d5900000)
 ParOldGen       total 732672K, used 331098K [0x0000000080000000, 0x00000000acb80000, 0x00000000d5580000)
  object space 732672K, 45% used [0x0000000080000000,0x0000000094356be8,0x00000000acb80000)
 Metaspace       used 84526K, committed 86464K, reserved 1179648K
  class space    used 8392K, committed 9344K, reserved 1048576K
}
Event: 569.691 GC heap before
{Heap before GC invocations=1691 (full 5):
 PSYoungGen      total 2560K, used 2400K [0x00000000d5580000, 0x00000000d5900000, 0x0000000100000000)
  eden space 2048K, 100% used [0x00000000d5580000,0x00000000d5780000,0x00000000d5780000)
  from space 512K, 68% used [0x00000000d5800000,0x00000000d5858000,0x00000000d5880000)
  to   space 512K, 0% used [0x00000000d5880000,0x00000000d5880000,0x00000000d5900000)
 ParOldGen       total 732672K, used 331098K [0x0000000080000000, 0x00000000acb80000, 0x00000000d5580000)
  object space 732672K, 45% used [0x0000000080000000,0x0000000094356be8,0x00000000acb80000)
 Metaspace       used 84526K, committed 86464K, reserved 1179648K
  class space    used 8392K, committed 9344K, reserved 1048576K
}
Event: 569.692 GC heap after
{Heap after GC invocations=1691 (full 5):
 PSYoungGen      total 2560K, used 448K [0x00000000d5580000, 0x00000000d5900000, 0x0000000100000000)
  eden space 2048K, 0% used [0x00000000d5580000,0x00000000d5580000,0x00000000d5780000)
  from space 512K, 87% used [0x00000000d5880000,0x00000000d58f0000,0x00000000d5900000)
  to   space 512K, 0% used [0x00000000d5800000,0x00000000d5800000,0x00000000d5880000)
 ParOldGen       total 732672K, used 331322K [0x0000000080000000, 0x00000000acb80000, 0x00000000d5580000)
  object space 732672K, 45% used [0x0000000080000000,0x000000009438ebe8,0x00000000acb80000)
 Metaspace       used 84526K, committed 86464K, reserved 1179648K
  class space    used 8392K, committed 9344K, reserved 1048576K
}
Event: 569.704 GC heap before
{Heap before GC invocations=1692 (full 5):
 PSYoungGen      total 2560K, used 2495K [0x00000000d5580000, 0x00000000d5900000, 0x0000000100000000)
  eden space 2048K, 99% used [0x00000000d5580000,0x00000000d577ffe0,0x00000000d5780000)
  from space 512K, 87% used [0x00000000d5880000,0x00000000d58f0000,0x00000000d5900000)
  to   space 512K, 0% used [0x00000000d5800000,0x00000000d5800000,0x00000000d5880000)
 ParOldGen       total 732672K, used 331322K [0x0000000080000000, 0x00000000acb80000, 0x00000000d5580000)
  object space 732672K, 45% used [0x0000000080000000,0x000000009438ebe8,0x00000000acb80000)
 Metaspace       used 84528K, committed 86464K, reserved 1179648K
  class space    used 8392K, committed 9344K, reserved 1048576K
}
Event: 569.706 GC heap after
{Heap after GC invocations=1692 (full 5):
 PSYoungGen      total 2560K, used 512K [0x00000000d5580000, 0x00000000d5980000, 0x0000000100000000)
  eden space 2048K, 0% used [0x00000000d5580000,0x00000000d5580000,0x00000000d5780000)
  from space 512K, 100% used [0x00000000d5800000,0x00000000d5880000,0x00000000d5880000)
  to   space 1024K, 0% used [0x00000000d5880000,0x00000000d5880000,0x00000000d5980000)
 ParOldGen       total 732672K, used 331671K [0x0000000080000000, 0x00000000acb80000, 0x00000000d5580000)
  object space 732672K, 45% used [0x0000000080000000,0x00000000943e5c18,0x00000000acb80000)
 Metaspace       used 84528K, committed 86464K, reserved 1179648K
  class space    used 8392K, committed 9344K, reserved 1048576K
}
Event: 569.736 GC heap before
{Heap before GC invocations=1693 (full 5):
 PSYoungGen      total 2560K, used 2560K [0x00000000d5580000, 0x00000000d5980000, 0x0000000100000000)
  eden space 2048K, 100% used [0x00000000d5580000,0x00000000d5780000,0x00000000d5780000)
  from space 512K, 100% used [0x00000000d5800000,0x00000000d5880000,0x00000000d5880000)
  to   space 1024K, 0% used [0x00000000d5880000,0x00000000d5880000,0x00000000d5980000)
 ParOldGen       total 732672K, used 331671K [0x0000000080000000, 0x00000000acb80000, 0x00000000d5580000)
  object space 732672K, 45% used [0x0000000080000000,0x00000000943e5c18,0x00000000acb80000)
 Metaspace       used 84533K, committed 86464K, reserved 1179648K
  class space    used 8392K, committed 9344K, reserved 1048576K
}
Event: 569.737 GC heap after
{Heap after GC invocations=1693 (full 5):
 PSYoungGen      total 3072K, used 608K [0x00000000d5580000, 0x00000000d5980000, 0x0000000100000000)
  eden space 2048K, 0% used [0x00000000d5580000,0x00000000d5580000,0x00000000d5780000)
  from space 1024K, 59% used [0x00000000d5880000,0x00000000d5918000,0x00000000d5980000)
  to   space 1024K, 0% used [0x00000000d5780000,0x00000000d5780000,0x00000000d5880000)
 ParOldGen       total 732672K, used 332130K [0x0000000080000000, 0x00000000acb80000, 0x00000000d5580000)
  object space 732672K, 45% used [0x0000000080000000,0x0000000094458860,0x00000000acb80000)
 Metaspace       used 84533K, committed 86464K, reserved 1179648K
  class space    used 8392K, committed 9344K, reserved 1048576K
}
Event: 569.749 GC heap before
{Heap before GC invocations=1694 (full 5):
 PSYoungGen      total 3072K, used 2629K [0x00000000d5580000, 0x00000000d5980000, 0x0000000100000000)
  eden space 2048K, 98% used [0x00000000d5580000,0x00000000d5779538,0x00000000d5780000)
  from space 1024K, 59% used [0x00000000d5880000,0x00000000d5918000,0x00000000d5980000)
  to   space 1024K, 0% used [0x00000000d5780000,0x00000000d5780000,0x00000000d5880000)
 ParOldGen       total 732672K, used 332130K [0x0000000080000000, 0x00000000acb80000, 0x00000000d5580000)
  object space 732672K, 45% used [0x0000000080000000,0x0000000094458860,0x00000000acb80000)
 Metaspace       used 84534K, committed 86464K, reserved 1179648K
  class space    used 8392K, committed 9344K, reserved 1048576K
}
Event: 570.756 GC heap after
{Heap after GC invocations=1694 (full 5):
 PSYoungGen      total 3072K, used 580K [0x00000000d5580000, 0x00000000d5a00000, 0x0000000100000000)
  eden space 2048K, 0% used [0x00000000d5580000,0x00000000d5580000,0x00000000d5780000)
  from space 1024K, 56% used [0x00000000d5780000,0x00000000d5811110,0x00000000d5880000)
  to   space 1024K, 0% used [0x00000000d5900000,0x00000000d5900000,0x00000000d5a00000)
 ParOldGen       total 732672K, used 332598K [0x0000000080000000, 0x00000000acb80000, 0x00000000d5580000)
  object space 732672K, 45% used [0x0000000080000000,0x00000000944cdb90,0x00000000acb80000)
 Metaspace       used 84534K, committed 86464K, reserved 1179648K
  class space    used 8392K, committed 9344K, reserved 1048576K
}

